<testsuites id="" name="" tests="1" failures="0" skipped="1" errors="0" time="68.32746">
<testsuite name="example.spec.ts" timestamp="2024-02-16T18:13:33.489Z" hostname="chromium" tests="1" failures="0" skipped="1" time="67.082" errors="0">
<testcase name="E2E testing of porting jounrney " classname="example.spec.ts" time="67.082">
<properties>
<property name="slow" value="">
</property>
</properties>
<skipped>
</skipped>
</testcase>
</testsuite>
</testsuites>