<testsuites id="" name="" tests="2" failures="0" skipped="2" errors="0" time="38.931309999999996">
<testsuite name="example.spec.ts" timestamp="2024-03-18T10:04:13.063Z" hostname="chromium" tests="2" failures="0" skipped="2" time="37.942" errors="0">
<testcase name="E2E testing of gmc number for Platnium product " classname="example.spec.ts" time="37.942">
<properties>
<property name="slow" value="">
</property>
</properties>
<skipped>
</skipped>
</testcase>
<testcase name="E2E testing of SEO journey " classname="example.spec.ts" time="0">
<skipped>
</skipped>
</testcase>
</testsuite>
</testsuites>