<testsuites id="" name="" tests="1" failures="0" skipped="0" errors="0" time="45.981260999999996">
<testsuite name="spec/buyHealth.spec.ts" timestamp="2024-04-08T08:26:10.565Z" hostname="chromium" tests="1" failures="0" skipped="0" time="44.908" errors="0">
<testcase name="E2E testing of gmc number for Platnium product " classname="spec/buyHealth.spec.ts" time="44.908">
<properties>
<property name="slow" value="">
</property>
</properties>
<system-out>
<![CDATA[Getting OTP from DB
9726
proceeding to OTP page
Fetching Proposal ID that we have created so far
b04ca876-436f-47e6-b3f0-3c2702935e72
credit score is updated of the user
we have reached in review page
Proceeding to review Page
Yearly is selected by bydefault
selected the Yearlyfrequency
https://payment-service-ui-ng.ackodev.com/?id=luqov6otAXFJVSMV99LH
Ekey fr
luqov6otAXFJVSMV99LH
Payment done successfully
Reached to KYC page for all the journey apart from standard flow

[[ATTACHMENT|test-results/spec-buyHealth-E2E-testing-of-gmc-number-for-Platnium-product--chromium/test-finished-1.png]]

[[ATTACHMENT|test-results/spec-buyHealth-E2E-testing-of-gmc-number-for-Platnium-product--chromium/video.webm]]
]]>
</system-out>
<system-err>
<![CDATA[(node:17326) Warning: Setting the NODE_TLS_REJECT_UNAUTHORIZED environment variable to '0' makes TLS connections and HTTPS requests insecure by disabling certificate verification.
(Use `node --trace-warnings ...` to show where the warning was created)
]]>
</system-err>
</testcase>
</testsuite>
</testsuites>