<testsuites id="" name="" tests="1" failures="0" skipped="0" errors="0" time="26.495957999999998">
<testsuite name="spec/loginOnce.spec.ts" timestamp="2024-05-10T05:32:48.268Z" hostname="chromium" tests="1" failures="0" skipped="0" time="23.358" errors="0">
<testcase name="Prod buy organic journey testing" classname="spec/loginOnce.spec.ts" time="23.358">
<system-out>
<![CDATA[Filled the pincode
proceeding to OTP page
selected the monthly frequency

[[ATTACHMENT|test-results/spec-loginOnce-Prod-buy-organic-journey-testing-chromium/test-finished-1.png]]
]]>
</system-out>
</testcase>
</testsuite>
</testsuites>