<testsuites id="" name="" tests="14" failures="0" skipped="14" errors="0" time="4.383949">
<testsuite name="spec/buyHealth.spec.ts" timestamp="2024-05-24T07:28:43.349Z" hostname="chromium" tests="14" failures="0" skipped="14" time="3.35" errors="0">
<testcase name="E2E organic journey testing with standard plan of default selection monthly " classname="spec/buyHealth.spec.ts" time="3.35">
<skipped>
</skipped>
</testcase>
<testcase name="E2E organic journey testing with standard plan of default selection yearly " classname="spec/buyHealth.spec.ts" time="0">
<skipped>
</skipped>
</testcase>
<testcase name="E2E testing of unblocked PHP plan yearly " classname="spec/buyHealth.spec.ts" time="0">
<skipped>
</skipped>
</testcase>
<testcase name="E2E testing of standard plan yearly  " classname="spec/buyHealth.spec.ts" time="0">
<skipped>
</skipped>
</testcase>
<testcase name="E2E testing of standard plan monthly  " classname="spec/buyHealth.spec.ts" time="0">
<skipped>
</skipped>
</testcase>
<testcase name="E2E  testing of topup plan monthly " classname="spec/buyHealth.spec.ts" time="0">
<skipped>
</skipped>
</testcase>
<testcase name="E2E  testing of topup plan yearly " classname="spec/buyHealth.spec.ts" time="0">
<skipped>
</skipped>
</testcase>
<testcase name="E2E testing of porting journey yearly " classname="spec/buyHealth.spec.ts" time="0">
<skipped>
</skipped>
</testcase>
<testcase name="E2E testing of ASP journey " classname="spec/buyHealth.spec.ts" time="0">
<skipped>
</skipped>
</testcase>
<testcase name="E2E testing of SEM base journey " classname="spec/buyHealth.spec.ts" time="0">
<skipped>
</skipped>
</testcase>
<testcase name="E2E testing of SEM base comp journey " classname="spec/buyHealth.spec.ts" time="0">
<skipped>
</skipped>
</testcase>
<testcase name="E2E testing of SEM topup journey " classname="spec/buyHealth.spec.ts" time="0">
<skipped>
</skipped>
</testcase>
<testcase name="E2E testing of gmc number for Platnium product " classname="spec/buyHealth.spec.ts" time="0">
<skipped>
</skipped>
</testcase>
<testcase name="E2E testing of SEO journey " classname="spec/buyHealth.spec.ts" time="0">
<skipped>
</skipped>
</testcase>
</testsuite>
</testsuites>