<testsuites id="" name="" tests="1" failures="0" skipped="0" errors="0" time="50.689882">
<testsuite name="spec/buyHealth.spec.ts" timestamp="2024-04-19T09:49:34.339Z" hostname="chromium" tests="1" failures="0" skipped="0" time="49.85" errors="0">
<testcase name="E2E  testing of topup plan yearly " classname="spec/buyHealth.spec.ts" time="49.85">
<properties>
<property name="slow" value="">
</property>
</properties>
<system-out>
<![CDATA[Script is going to the UnblockedTopUp page
Mobile number used in automation 6012675024
All the details of input page is filled
proceeding to OTP page
Getting OTP from DB
6047
proceeding to Member details Page
All the details of member details page is fulfilled proceeding to update credit score
Fetching Proposal ID that we have created so far
85703383-d6bf-4041-8cb6-e6ae7689421f
credit score is updated of the user
Proceeding to review Page
Yearly is selected by bydefault
selected the Yearly frequency
https://payment-service-ui-ng.ackodev.com/?id=lv6houzmQPG4CKCON3SL
Ekey fr
lv6houzmQPG4CKCON3SL
Payment done successfully
Reached to KYC page for all the journey apart from standard flow

[[ATTACHMENT|test-results/spec-buyHealth-E2E-testing-of-topup-plan-yearly--chromium/test-finished-1.png]]

[[ATTACHMENT|test-results/spec-buyHealth-E2E-testing-of-topup-plan-yearly--chromium/video.webm]]
]]>
</system-out>
<system-err>
<![CDATA[(node:7968) Warning: Setting the NODE_TLS_REJECT_UNAUTHORIZED environment variable to '0' makes TLS connections and HTTPS requests insecure by disabling certificate verification.
(Use `node --trace-warnings ...` to show where the warning was created)
]]>
</system-err>
</testcase>
</testsuite>
</testsuites>