<testsuites id="" name="" tests="1" failures="0" skipped="1" errors="0" time="22.762769">
<testsuite name="spec/buyHealth.spec.ts" timestamp="2024-04-18T10:00:21.465Z" hostname="chromium" tests="1" failures="0" skipped="1" time="22.034" errors="0">
<testcase name="E2E testing of ASP journey " classname="spec/buyHealth.spec.ts" time="22.034">
<properties>
<property name="slow" value="">
</property>
</properties>
<skipped>
</skipped>
</testcase>
</testsuite>
</testsuites>