<testsuites id="" name="" tests="14" failures="7" skipped="0" errors="0" time="868.4206330000001">
<testsuite name="spec/buyHealth.spec.ts" timestamp="2024-04-19T07:41:05.944Z" hostname="chromium" tests="14" failures="7" skipped="0" time="846.464" errors="0">
<testcase name="E2E organic journey testing with standard plan of default selection monthly " classname="spec/buyHealth.spec.ts" time="25.972">
<properties>
<property name="slow" value="">
</property>
</properties>
<failure message="buyHealth.spec.ts:11:7 E2E organic journey testing with standard plan of default selection monthly " type="FAILURE">
<![CDATA[  [chromium] › spec/buyHealth.spec.ts:11:7 › E2E organic journey testing with standard plan of default selection monthly  

    Error: locator.fill: Error: Cannot type text into input[type=number]
    Call log:
      - waiting for locator('div:nth-child(3) > div > .sc-a80624f1-0 > .sc-a80624f1-1 > .sc-a80624f1-3')
      -   locator resolved to <input type="number" class="sc-a80624f1-3 iCWwrA"/>
      - elementHandle.fill("JOLPS5134F")
      -   waiting for element to be visible, enabled and editable
      -   Cannot type text into input[type=number]


       at defenition/PlaywrightDevPage.ts:1348

      1346 |                 await femaleBtn.click();
      1347 |                 await selfCheckTwo.click();
    > 1348 |                 await selfCheckTwo.fill(data.PANCardNumber);
           |                                    ^
      1349 |                 await emailTextBox.click();
      1350 |                 await emailTextBox.fill(emailId);
      1351 |

        at PlaywrightDevPage.MemberDetailsGeneric (/Users/priya.singh/Desktop/test/tests/defenition/PlaywrightDevPage.ts:1348:36)
        at /Users/priya.singh/Desktop/test/tests/spec/buyHealth.spec.ts:21:4

    attachment #1: screenshot (image/png) ──────────────────────────────────────────────────────────
    test-results/spec-buyHealth-E2E-organic-journey-testing-with-standard-plan-of-default-selection-monthly--chromium/test-failed-1.png
    ────────────────────────────────────────────────────────────────────────────────────────────────

    attachment #2: video (video/webm) ──────────────────────────────────────────────────────────────
    test-results/spec-buyHealth-E2E-organic-journey-testing-with-standard-plan-of-default-selection-monthly--chromium/video.webm
    ────────────────────────────────────────────────────────────────────────────────────────────────
]]>
</failure>
<system-out>
<![CDATA[Script is going to the Organic page
Mobile number used in automation 6025001986
All the details of input page is filled
proceeding to OTP page
Getting OTP from DB
2580
proceeding to Member details Page

[[ATTACHMENT|test-results/spec-buyHealth-E2E-organic-journey-testing-with-standard-plan-of-default-selection-monthly--chromium/test-failed-1.png]]

[[ATTACHMENT|test-results/spec-buyHealth-E2E-organic-journey-testing-with-standard-plan-of-default-selection-monthly--chromium/video.webm]]
]]>
</system-out>
</testcase>
<testcase name="E2E organic journey testing with standard plan of default selection yearly " classname="spec/buyHealth.spec.ts" time="40.99">
<properties>
<property name="slow" value="">
</property>
</properties>
<system-out>
<![CDATA[Script is going to the Organic page
Mobile number used in automation 6025258315
All the details of input page is filled
proceeding to OTP page
Getting OTP from DB
9879
proceeding to Member details Page
All the details of member details page is fulfilled proceeding to update credit score
Fetching Proposal ID that we have created so far
f69dfb7f-0207-4a14-b70f-a53a1a2a6081
credit score is updated of the user
Proceeding to review Page
Yearly is selected by bydefault
selected the Yearlyfrequency
https://payment-service-ui-ng.ackodev.com/?id=lv6d43qhEHG7VGF72E3Z
Ekey fr
lv6d43qhEHG7VGF72E3Z
Payment done successfully
Reached to KYC page for all the journey apart from standard flow

[[ATTACHMENT|test-results/spec-buyHealth-E2E-organic-journey-testing-with-standard-plan-of-default-selection-yearly--chromium/test-finished-1.png]]

[[ATTACHMENT|test-results/spec-buyHealth-E2E-organic-journey-testing-with-standard-plan-of-default-selection-yearly--chromium/video.webm]]
]]>
</system-out>
<system-err>
<![CDATA[(node:72411) Warning: Setting the NODE_TLS_REJECT_UNAUTHORIZED environment variable to '0' makes TLS connections and HTTPS requests insecure by disabling certificate verification.
(Use `node --trace-warnings ...` to show where the warning was created)
]]>
</system-err>
</testcase>
<testcase name="E2E testing of unblocked PHP plan yearly " classname="spec/buyHealth.spec.ts" time="40.877">
<properties>
<property name="slow" value="">
</property>
</properties>
<system-out>
<![CDATA[Script is going to the UnblockedPHP page
Mobile number used in automation 6018462633
All the details of input page is filled
proceeding to OTP page
Getting OTP from DB
0073
proceeding to Member details Page
All the details of member details page is fulfilled proceeding to update credit score
Fetching Proposal ID that we have created so far
7896b584-991a-4886-9a1d-64d98aec4eaa
credit score is updated of the user
Proceeding to review Page
Yearly is selected by bydefault
selected the yearlyfrequency
https://payment-service-ui-ng.ackodev.com/?id=lv6d4yxxV5N5S0PTF0GW
Ekey fr
lv6d4yxxV5N5S0PTF0GW
Payment done successfully
Reached to KYC page for all the journey apart from standard flow

[[ATTACHMENT|test-results/spec-buyHealth-E2E-testing-of-unblocked-PHP-plan-yearly--chromium/test-finished-1.png]]

[[ATTACHMENT|test-results/spec-buyHealth-E2E-testing-of-unblocked-PHP-plan-yearly--chromium/video.webm]]
]]>
</system-out>
</testcase>
<testcase name="E2E testing of standard plan yearly  " classname="spec/buyHealth.spec.ts" time="42.576">
<properties>
<property name="slow" value="">
</property>
</properties>
<system-out>
<![CDATA[Script is going to the UnblockedAHP page
Mobile number used in automation 6019615442
All the details of input page is filled
proceeding to OTP page
Getting OTP from DB
8911
proceeding to Member details Page
All the details of member details page is fulfilled proceeding to update credit score
Fetching Proposal ID that we have created so far
24d48077-35ae-4b2f-bbed-57f3e299bb53
credit score is updated of the user
Proceeding to review Page
Yearly is selected by bydefault
selected the yearlyfrequency
https://payment-service-ui-ng.ackodev.com/?id=lv6d5vj6RY95YSVV67HR
Ekey fr
lv6d5vj6RY95YSVV67HR
Payment done successfully
Reached to KYC page for all the journey apart from standard flow

[[ATTACHMENT|test-results/spec-buyHealth-E2E-testing-of-standard-plan-yearly--chromium/test-finished-1.png]]

[[ATTACHMENT|test-results/spec-buyHealth-E2E-testing-of-standard-plan-yearly--chromium/video.webm]]
]]>
</system-out>
</testcase>
<testcase name="E2E testing of standard plan monthly  " classname="spec/buyHealth.spec.ts" time="48.13">
<properties>
<property name="slow" value="">
</property>
</properties>
<system-out>
<![CDATA[Script is going to the UnblockedAHP page
Mobile number used in automation 6015192766
All the details of input page is filled
proceeding to OTP page
Getting OTP from DB
2193
proceeding to Member details Page
All the details of member details page is fulfilled proceeding to update credit score
Fetching Proposal ID that we have created so far
eb6f7b5f-cb12-4fec-a0ef-7fdbd6d91a73
credit score is updated of the user
Proceeding to review Page
selected the Monthlyfrequency
https://payment-service-ui-ng.ackodev.com/?id=lv6d6tv6DRHR32KQ8YEM
Ekey fr
lv6d6tv6DRHR32KQ8YEM
Payment done successfully
Reached to KYC page for all the journey apart from standard flow

[[ATTACHMENT|test-results/spec-buyHealth-E2E-testing-of-standard-plan-monthly--chromium/test-finished-1.png]]

[[ATTACHMENT|test-results/spec-buyHealth-E2E-testing-of-standard-plan-monthly--chromium/video.webm]]
]]>
</system-out>
</testcase>
<testcase name="E2E  testing of topup plan monthly " classname="spec/buyHealth.spec.ts" time="52.515">
<properties>
<property name="slow" value="">
</property>
</properties>
<failure message="buyHealth.spec.ts:94:8 E2E  testing of topup plan monthly " type="FAILURE">
<![CDATA[  [chromium] › spec/buyHealth.spec.ts:94:8 › E2E  testing of topup plan monthly  ───────────────────

    Error: Timed out 30000ms waiting for expect(locator).toBeVisible()

    Locator: getByText('Almost there!')
    Expected: visible
    Received: hidden
    Call log:
      - expect.toBeVisible with timeout 30000ms
      - waiting for getByText('Almost there!')


       at defenition/PlaywrightDevPage.ts:1320

      1318 |         // //let ageOfSelf = Object.values(data.family.Myself);
      1319 |         // let ageOfSpouse = Object.values(data.family.Spouse);
    > 1320 |           await expect(almostThereText).toBeVisible();
           |                                         ^
      1321 |           await expect( memberDetailsText).toBeVisible();
      1322 |           await this.page.reload();
      1323 |           const email= new BasePage()

        at PlaywrightDevPage.MemberDetailsGeneric (/Users/priya.singh/Desktop/test/tests/defenition/PlaywrightDevPage.ts:1320:41)
        at /Users/priya.singh/Desktop/test/tests/spec/buyHealth.spec.ts:105:30

    attachment #1: video (video/webm) ──────────────────────────────────────────────────────────────
    test-results/spec-buyHealth-E2E-testing-of-topup-plan-monthly--chromium/video.webm
    ────────────────────────────────────────────────────────────────────────────────────────────────
]]>
</failure>
<system-out>
<![CDATA[Script is going to the UnblockedTopUp page
Mobile number used in automation 6027213222
All the details of input page is filled
proceeding to OTP page
Getting OTP from DB
0663
proceeding to Member details Page

[[ATTACHMENT|test-results/spec-buyHealth-E2E-testing-of-topup-plan-monthly--chromium/video.webm]]
]]>
</system-out>
</testcase>
<testcase name="E2E  testing of topup plan yearly " classname="spec/buyHealth.spec.ts" time="90">
<properties>
<property name="slow" value="">
</property>
</properties>
<failure message="buyHealth.spec.ts:111:11 E2E  testing of topup plan yearly " type="FAILURE">
<![CDATA[  [chromium] › spec/buyHealth.spec.ts:111:11 › E2E  testing of topup plan yearly  ──────────────────

    Test timeout of 90000ms exceeded.

    Error: locator.click: Test timeout of 90000ms exceeded.
    Call log:
      - waiting for locator('div').filter({ hasText: /^Select existing cover \(deductible\)$/ }).nth(3)


       at defenition/PlaywrightDevPage.ts:653

      651 |        
      652 |       const{selectDeductible} = healthLocator(this.page)
    > 653 |         await selectDeductible.click();
          |                                ^
      654 |         await this.page.getByText(amount ,{ exact: true }).click();
      655 |
      656 |     }

        at PlaywrightDevPage.selectDeductible (/Users/priya.singh/Desktop/test/tests/defenition/PlaywrightDevPage.ts:653:32)
        at /Users/priya.singh/Desktop/test/tests/spec/buyHealth.spec.ts:117:30

    attachment #1: screenshot (image/png) ──────────────────────────────────────────────────────────
    test-results/spec-buyHealth-E2E-testing-of-topup-plan-yearly--chromium/test-failed-1.png
    ────────────────────────────────────────────────────────────────────────────────────────────────

    attachment #2: video (video/webm) ──────────────────────────────────────────────────────────────
    test-results/spec-buyHealth-E2E-testing-of-topup-plan-yearly--chromium/video.webm
    ────────────────────────────────────────────────────────────────────────────────────────────────
]]>
</failure>
<system-out>
<![CDATA[Script is going to the UnblockedTopUp page

[[ATTACHMENT|test-results/spec-buyHealth-E2E-testing-of-topup-plan-yearly--chromium/test-failed-1.png]]

[[ATTACHMENT|test-results/spec-buyHealth-E2E-testing-of-topup-plan-yearly--chromium/video.webm]]
]]>
</system-out>
</testcase>
<testcase name="E2E testing of porting journey yearly " classname="spec/buyHealth.spec.ts" time="90">
<properties>
<property name="slow" value="">
</property>
</properties>
<failure message="buyHealth.spec.ts:128:8 E2E testing of porting journey yearly " type="FAILURE">
<![CDATA[  [chromium] › spec/buyHealth.spec.ts:128:8 › E2E testing of porting journey yearly  ───────────────

    Test timeout of 90000ms exceeded.

    Error: locator.click: Test timeout of 90000ms exceeded.
    Call log:
      - waiting for getByLabel('Current policy expiration date')


       at defenition/PlaywrightDevPage.ts:1589

      1587 |     {
      1588 |       const{policyExpirationDate,submitBtn,proceedToPaymentBtn}  = healthLocator(this.page)
    > 1589 |         await policyExpirationDate.click();
           |                                    ^
      1590 |         // To calculate  date for porting (today date +1 date)
      1591 |     var dateYesterday  = new Date();
      1592 |     dateYesterday.setDate(dateYesterday.getDate());

        at PlaywrightDevPage.PortingDetails (/Users/priya.singh/Desktop/test/tests/defenition/PlaywrightDevPage.ts:1589:36)
        at /Users/priya.singh/Desktop/test/tests/spec/buyHealth.spec.ts:140:33

    attachment #1: screenshot (image/png) ──────────────────────────────────────────────────────────
    test-results/spec-buyHealth-E2E-testing-of-porting-journey-yearly--chromium/test-failed-1.png
    ────────────────────────────────────────────────────────────────────────────────────────────────

    attachment #2: video (video/webm) ──────────────────────────────────────────────────────────────
    test-results/spec-buyHealth-E2E-testing-of-porting-journey-yearly--chromium/video.webm
    ────────────────────────────────────────────────────────────────────────────────────────────────
]]>
</failure>
<system-out>
<![CDATA[Script is going to the Porting page
Mobile number used in automation 6027405774
All the details of input page is filled
proceeding to OTP page
Getting OTP from DB
1423
proceeding to Member details Page
All the details of member details page is fulfilled proceeding to update credit score
Fetching Proposal ID that we have created so far
f9c39adb-c334-4674-99f7-f3ea5b15d8ce
credit score is updated of the user
Proceeding to review Page

[[ATTACHMENT|test-results/spec-buyHealth-E2E-testing-of-porting-journey-yearly--chromium/test-failed-1.png]]

[[ATTACHMENT|test-results/spec-buyHealth-E2E-testing-of-porting-journey-yearly--chromium/video.webm]]
]]>
</system-out>
<system-err>
<![CDATA[(node:73927) Warning: Setting the NODE_TLS_REJECT_UNAUTHORIZED environment variable to '0' makes TLS connections and HTTPS requests insecure by disabling certificate verification.
(Use `node --trace-warnings ...` to show where the warning was created)
]]>
</system-err>
</testcase>
<testcase name="E2E testing of ASP journey " classname="spec/buyHealth.spec.ts" time="60.877">
<properties>
<property name="slow" value="">
</property>
</properties>
<system-out>
<![CDATA[Script is going to the ASP page
Mobile number used in automation 6022482942
All the details of input page is filled
proceeding to OTP page
Getting OTP from DB
4002
proceeding to Member details Page
[33m1984[39m
[33m1984[39m
Monday, 22 October
October
Fetching Proposal ID that we have created so far
7f16c636-43b5-4e01-93a9-61f57fefae4c
credit score is updated of the user
Proceeding to review Page
https://payment-service-ui-ng.ackodev.com/?id=lv6ddb2mEFO0B9G8BQYM
Ekey fr
lv6ddb2mEFO0B9G8BQYM
Payment done successfully
Reached to KYC page for all the journey apart from standard flow

[[ATTACHMENT|test-results/spec-buyHealth-E2E-testing-of-ASP-journey--chromium/test-finished-1.png]]

[[ATTACHMENT|test-results/spec-buyHealth-E2E-testing-of-ASP-journey--chromium/video.webm]]
]]>
</system-out>
<system-err>
<![CDATA[(node:74317) Warning: Setting the NODE_TLS_REJECT_UNAUTHORIZED environment variable to '0' makes TLS connections and HTTPS requests insecure by disabling certificate verification.
(Use `node --trace-warnings ...` to show where the warning was created)
]]>
</system-err>
</testcase>
<testcase name="E2E testing of SEM base journey " classname="spec/buyHealth.spec.ts" time="89.999">
<properties>
<property name="slow" value="">
</property>
</properties>
<failure message="buyHealth.spec.ts:164:11 E2E testing of SEM base journey " type="FAILURE">
<![CDATA[  [chromium] › spec/buyHealth.spec.ts:164:11 › E2E testing of SEM base journey  ────────────────────

    Test timeout of 90000ms exceeded.

    Error: locator.click: Test timeout of 90000ms exceeded.
    Call log:
      - waiting for getByRole('button', { name: 'Verify KYC' })


       at defenition/PlaywrightDevPage.ts:1764

      1762 |     {
      1763 |       
    > 1764 |       await verifyKyc.click();
           |                       ^
      1765 |     }
      1766 |     else if(type =='ASP')
      1767 |     {

        at PlaywrightDevPage.Payment (/Users/priya.singh/Desktop/test/tests/defenition/PlaywrightDevPage.ts:1764:23)
        at /Users/priya.singh/Desktop/test/tests/spec/buyHealth.spec.ts:178:10

    attachment #1: screenshot (image/png) ──────────────────────────────────────────────────────────
    test-results/spec-buyHealth-E2E-testing-of-SEM-base-journey--chromium/test-failed-1.png
    ────────────────────────────────────────────────────────────────────────────────────────────────

    attachment #2: video (video/webm) ──────────────────────────────────────────────────────────────
    test-results/spec-buyHealth-E2E-testing-of-SEM-base-journey--chromium/video.webm
    ────────────────────────────────────────────────────────────────────────────────────────────────
]]>
</failure>
<system-out>
<![CDATA[Script is going to the SEM-Base page
spouse is selcted
Mobile number used in automation 6021467160
proceeding to OTP page
Getting OTP from DB
3894
proceeding to Member details Page
All the details of member details page is fulfilled proceeding to update credit score
Fetching Proposal ID that we have created so far
f1171206-248f-424b-8d3b-7eaff8de8585
credit score is updated of the user
Proceeding to review Page
Yearly is selected by bydefault
selected the yearlyfrequency
https://payment-service-ui-ng.ackodev.com/?id=lv6deb4yI3YG036TSVQZ
Ekey fr
lv6deb4yI3YG036TSVQZ
Payment done successfully

[[ATTACHMENT|test-results/spec-buyHealth-E2E-testing-of-SEM-base-journey--chromium/test-failed-1.png]]

[[ATTACHMENT|test-results/spec-buyHealth-E2E-testing-of-SEM-base-journey--chromium/video.webm]]
]]>
</system-out>
</testcase>
<testcase name="E2E testing of SEM base comp journey " classname="spec/buyHealth.spec.ts" time="90">
<properties>
<property name="slow" value="">
</property>
</properties>
<failure message="buyHealth.spec.ts:181:8 E2E testing of SEM base comp journey " type="FAILURE">
<![CDATA[  [chromium] › spec/buyHealth.spec.ts:181:8 › E2E testing of SEM base comp journey  ────────────────

    Test timeout of 90000ms exceeded.

    Error: locator.click: Test timeout of 90000ms exceeded.
    Call log:
      - waiting for getByRole('button', { name: 'Verify KYC' })


       at defenition/PlaywrightDevPage.ts:1764

      1762 |     {
      1763 |       
    > 1764 |       await verifyKyc.click();
           |                       ^
      1765 |     }
      1766 |     else if(type =='ASP')
      1767 |     {

        at PlaywrightDevPage.Payment (/Users/priya.singh/Desktop/test/tests/defenition/PlaywrightDevPage.ts:1764:23)
        at /Users/priya.singh/Desktop/test/tests/spec/buyHealth.spec.ts:195:6

    attachment #1: screenshot (image/png) ──────────────────────────────────────────────────────────
    test-results/spec-buyHealth-E2E-testing-of-SEM-base-comp-journey--chromium/test-failed-1.png
    ────────────────────────────────────────────────────────────────────────────────────────────────

    attachment #2: video (video/webm) ──────────────────────────────────────────────────────────────
    test-results/spec-buyHealth-E2E-testing-of-SEM-base-comp-journey--chromium/video.webm
    ────────────────────────────────────────────────────────────────────────────────────────────────
]]>
</failure>
<system-out>
<![CDATA[Script is going to the SEM-Base page
spouse is selcted
Mobile number used in automation 6023050358
proceeding to OTP page
Getting OTP from DB
0249
proceeding to Member details Page
All the details of member details page is fulfilled proceeding to update credit score
Fetching Proposal ID that we have created so far
17c631e5-ce79-4c74-b5fa-7a8449e711b9
credit score is updated of the user
Proceeding to review Page
Yearly is selected by bydefault
selected the yearlyfrequency
https://payment-service-ui-ng.ackodev.com/?id=lv6dgea8CMRZQSGP468N
Ekey fr
lv6dgea8CMRZQSGP468N
Payment done successfully

[[ATTACHMENT|test-results/spec-buyHealth-E2E-testing-of-SEM-base-comp-journey--chromium/test-failed-1.png]]

[[ATTACHMENT|test-results/spec-buyHealth-E2E-testing-of-SEM-base-comp-journey--chromium/video.webm]]
]]>
</system-out>
<system-err>
<![CDATA[(node:75089) Warning: Setting the NODE_TLS_REJECT_UNAUTHORIZED environment variable to '0' makes TLS connections and HTTPS requests insecure by disabling certificate verification.
(Use `node --trace-warnings ...` to show where the warning was created)
]]>
</system-err>
</testcase>
<testcase name="E2E testing of SEM topup journey " classname="spec/buyHealth.spec.ts" time="41.975">
<properties>
<property name="slow" value="">
</property>
</properties>
<system-out>
<![CDATA[Script is going to the SEM-Topup page
spouse is selcted
Mobile number used in automation 6012452110
proceeding to OTP page
Getting OTP from DB
1059
proceeding to Member details Page
All the details of member details page is fulfilled proceeding to update credit score
Fetching Proposal ID that we have created so far
b9822c46-c6be-42b8-84eb-cca876af353a
credit score is updated of the user
Proceeding to review Page
Yearly is selected by bydefault
selected the yearlyfrequency
https://payment-service-ui-ng.ackodev.com/?id=lv6di9h1EIO1JX89B92O
Ekey fr
lv6di9h1EIO1JX89B92O
Payment done successfully
Reached to KYC page for all the journey apart from standard flow

[[ATTACHMENT|test-results/spec-buyHealth-E2E-testing-of-SEM-topup-journey--chromium/test-finished-1.png]]

[[ATTACHMENT|test-results/spec-buyHealth-E2E-testing-of-SEM-topup-journey--chromium/video.webm]]
]]>
</system-out>
<system-err>
<![CDATA[(node:75488) Warning: Setting the NODE_TLS_REJECT_UNAUTHORIZED environment variable to '0' makes TLS connections and HTTPS requests insecure by disabling certificate verification.
(Use `node --trace-warnings ...` to show where the warning was created)
]]>
</system-err>
</testcase>
<testcase name="E2E testing of gmc number for Platnium product " classname="spec/buyHealth.spec.ts" time="42.553">
<properties>
<property name="slow" value="">
</property>
</properties>
<system-out>
<![CDATA[Getting OTP from DB
6677
Filled the pincode
proceeding to OTP page
Fetching Proposal ID that we have created so far
6692783d-dc7a-40bd-b45b-ba0af712bb15
credit score is updated of the user
we have reached in review page
Proceeding to review Page
Yearly is selected by bydefault
selected the Yearlyfrequency
https://payment-service-ui-ng.ackodev.com/?id=lv6dj69rLJFEAYLR4XX5
Ekey fr
lv6dj69rLJFEAYLR4XX5
Payment done successfully
Reached to KYC page for all the journey apart from standard flow

[[ATTACHMENT|test-results/spec-buyHealth-E2E-testing-of-gmc-number-for-Platnium-product--chromium/test-finished-1.png]]

[[ATTACHMENT|test-results/spec-buyHealth-E2E-testing-of-gmc-number-for-Platnium-product--chromium/video.webm]]
]]>
</system-out>
</testcase>
<testcase name="E2E testing of SEO journey " classname="spec/buyHealth.spec.ts" time="90">
<properties>
<property name="slow" value="">
</property>
</properties>
<failure message="buyHealth.spec.ts:230:11 E2E testing of SEO journey " type="FAILURE">
<![CDATA[  [chromium] › spec/buyHealth.spec.ts:230:11 › E2E testing of SEO journey  ─────────────────────────

    Test timeout of 90000ms exceeded.

    Error: locator.click: Test timeout of 90000ms exceeded.
    Call log:
      - waiting for getByRole('button', { name: 'Proceed' })


       at defenition/PlaywrightDevPage.ts:1538

      1536 | {
      1537 |
    > 1538 |     await proceedBtn.click();
           |                      ^
      1539 |   // await this.page.getByRole('button', { name: 'Continue' }).click();
      1540 | }
      1541 | else if(journey =='ASP')

        at PlaywrightDevPage.UpdatingcreditScore (/Users/priya.singh/Desktop/test/tests/defenition/PlaywrightDevPage.ts:1538:22)
        at /Users/priya.singh/Desktop/test/tests/spec/buyHealth.spec.ts:241:9

    attachment #1: screenshot (image/png) ──────────────────────────────────────────────────────────
    test-results/spec-buyHealth-E2E-testing-of-SEO-journey--chromium/test-failed-1.png
    ────────────────────────────────────────────────────────────────────────────────────────────────

    attachment #2: video (video/webm) ──────────────────────────────────────────────────────────────
    test-results/spec-buyHealth-E2E-testing-of-SEO-journey--chromium/video.webm
    ────────────────────────────────────────────────────────────────────────────────────────────────
]]>
</failure>
<system-out>
<![CDATA[Script is going to the SEO page
spouse is selcted
Mobile number used in automation 6019853931
proceeding to OTP page
Getting OTP from DB
5967
proceeding to Member details Page
All the details of member details page is fulfilled proceeding to update credit score
Fetching Proposal ID that we have created so far
359264ad-c0fb-468e-9bfb-b892f3f9d699
credit score is updated of the user

[[ATTACHMENT|test-results/spec-buyHealth-E2E-testing-of-SEO-journey--chromium/test-failed-1.png]]

[[ATTACHMENT|test-results/spec-buyHealth-E2E-testing-of-SEO-journey--chromium/video.webm]]
]]>
</system-out>
</testcase>
</testsuite>
</testsuites>