<testsuites id="" name="" tests="1" failures="1" skipped="0" errors="0" time="71.551895">
<testsuite name="spec/buyHealth.spec.ts" timestamp="2024-04-24T07:31:22.059Z" hostname="chromium" tests="1" failures="1" skipped="0" time="70.899" errors="0">
<testcase name="E2E organic journey testing with standard plan of default selection monthly " classname="spec/buyHealth.spec.ts" time="70.899">
<failure message="buyHealth.spec.ts:11:8 E2E organic journey testing with standard plan of default selection monthly " type="FAILURE">
<![CDATA[  [chromium] › spec/buyHealth.spec.ts:11:8 › E2E organic journey testing with standard plan of default selection monthly  

    Error: Timed out 30000ms waiting for expect(locator).toBeVisible()

    Locator: locator('span').filter({ hasText: 'ACKO Standard Health Plan' })
    Expected: visible
    Received: hidden
    Call log:
      - expect.toBeVisible with timeout 30000ms
      - waiting for locator('span').filter({ hasText: 'ACKO Standard Health Plan' })


       at defenition/PlaywrightDevPage.ts:1672

      1670 |     else
      1671 |     {
    > 1672 |       await expect (standardPolicy).toBeVisible();
           |                                     ^
      1673 |     }
      1674 |     console.log("Reached to KYC page for all the journey apart from standard flow");
      1675 |     }

        at PlaywrightDevPage.Payment (/Users/priya.singh/Desktop/test/tests/defenition/PlaywrightDevPage.ts:1672:37)
        at /Users/priya.singh/Desktop/test/tests/spec/buyHealth.spec.ts:24:4

    attachment #1: screenshot (image/png) ──────────────────────────────────────────────────────────
    test-results/spec-buyHealth-E2E-organic-journey-testing-with-standard-plan-of-default-selection-monthly--chromium/test-failed-1.png
    ────────────────────────────────────────────────────────────────────────────────────────────────

    attachment #2: video (video/webm) ──────────────────────────────────────────────────────────────
    test-results/spec-buyHealth-E2E-organic-journey-testing-with-standard-plan-of-default-selection-monthly--chromium/video.webm
    ────────────────────────────────────────────────────────────────────────────────────────────────
]]>
</failure>
<system-out>
<![CDATA[Script is going to the Organic page
Mobile number used in automation 6018448441
All the details of input page is filled
proceeding to OTP page
Getting OTP from DB
1072
proceeding to Member details Page
All the details of member details page is fulfilled proceeding to update credit score
Fetching Proposal ID that we have created so far
bcd25605-299a-4528-a6eb-17e727382c30
credit score is updated of the user
Proceeding to review Page
selected the Monthly frequency
https://payment-service-ui-ng.ackodev.com/?id=lvdhybfvC1CPSGENGZBF
Ekey fr
lvdhybfvC1CPSGENGZBF
Payment done successfully

[[ATTACHMENT|test-results/spec-buyHealth-E2E-organic-journey-testing-with-standard-plan-of-default-selection-monthly--chromium/test-failed-1.png]]

[[ATTACHMENT|test-results/spec-buyHealth-E2E-organic-journey-testing-with-standard-plan-of-default-selection-monthly--chromium/video.webm]]
]]>
</system-out>
</testcase>
</testsuite>
</testsuites>