<testsuites id="" name="" tests="1" failures="0" skipped="1" errors="0" time="72.098306">
<testsuite name="spec/buyHealth.spec.ts" timestamp="2024-05-23T06:51:09.593Z" hostname="chromium" tests="1" failures="0" skipped="1" time="71.123" errors="0">
<testcase name="E2E organic journey testing with standard plan of default selection monthly " classname="spec/buyHealth.spec.ts" time="71.123">
<skipped>
</skipped>
</testcase>
</testsuite>
</testsuites>