<testsuites id="" name="" tests="1" failures="1" skipped="0" errors="0" time="48.801547">
<testsuite name="spec/buyHealth.spec.ts" timestamp="2024-04-18T10:32:39.789Z" hostname="chromium" tests="1" failures="1" skipped="0" time="48.017" errors="0">
<testcase name="E2E testing of SEM base journey " classname="spec/buyHealth.spec.ts" time="48.017">
<properties>
<property name="slow" value="">
</property>
</properties>
<failure message="buyHealth.spec.ts:164:12 E2E testing of SEM base journey " type="FAILURE">
<![CDATA[  [chromium] › spec/buyHealth.spec.ts:164:12 › E2E testing of SEM base journey  ────────────────────

    Error: locator.click: Target page, context or browser has been closed
    Call log:
      - waiting for getByRole('button', { name: 'Proceed with ACKO Standard' })


       at defenition/PlaywrightDevPage.ts:1101

      1099 |   if(journey == 'SEM')
      1100 |   {
    > 1101 |     await proceedWithAckoStandard.click();
           |                                   ^
      1102 |     //await mandatoryTest.click();
      1103 |   }
      1104 |   else if (journey == 'SEM-Topup')

        at PlaywrightDevPage.selectSumInsured (/Users/priya.singh/Desktop/test/tests/defenition/PlaywrightDevPage.ts:1101:35)
        at /Users/priya.singh/Desktop/test/tests/spec/buyHealth.spec.ts:173:30

    attachment #1: video (video/webm) ──────────────────────────────────────────────────────────────
    test-results/spec-buyHealth-E2E-testing-of-SEM-base-journey--chromium/video.webm
    ────────────────────────────────────────────────────────────────────────────────────────────────
]]>
</failure>
<system-out>
<![CDATA[Script is going to the SEM-Base page
spouse is selcted
Mobile number used in automation 6021470385

[[ATTACHMENT|test-results/spec-buyHealth-E2E-testing-of-SEM-base-journey--chromium/video.webm]]
]]>
</system-out>
</testcase>
</testsuite>
</testsuites>